0 info it worked if it ends with ok
1 verbose cli [ 'C:\\Program Files\\nodejs\\node.exe',
1 verbose cli   'C:\\Program Files\\nodejs\\node_modules\\npm\\bin\\npm-cli.js',
1 verbose cli   'publish' ]
2 info using npm@3.3.12
3 info using node@v5.1.1
4 verbose publish [ '.' ]
5 silly cache add args [ '.', null ]
6 verbose cache add spec .
7 silly cache add parsed spec Result {
7 silly cache add   raw: '.',
7 silly cache add   scope: null,
7 silly cache add   name: null,
7 silly cache add   rawSpec: '.',
7 silly cache add   spec: 'D:\\Projects\\Loader\\Loader',
7 silly cache add   type: 'directory' }
8 verbose addLocalDirectory C:\Users\Telus-FGH-01\AppData\Roaming\npm-cache\loader\1.0.0\package.tgz not in flight; packing
9 info lifecycle loader@1.0.0~prepublish: loader@1.0.0
10 silly lifecycle loader@1.0.0~prepublish: no script for prepublish, continuing
11 verbose tar pack [ 'C:\\Users\\Telus-FGH-01\\AppData\\Roaming\\npm-cache\\loader\\1.0.0\\package.tgz',
11 verbose tar pack   'D:\\Projects\\Loader\\Loader' ]
12 verbose tarball C:\Users\Telus-FGH-01\AppData\Roaming\npm-cache\loader\1.0.0\package.tgz
13 verbose folder D:\Projects\Loader\Loader
14 verbose addLocalTarball adding from inside cache C:\Users\Telus-FGH-01\AppData\Roaming\npm-cache\loader\1.0.0\package.tgz
15 silly cache afterAdd loader@1.0.0
16 verbose afterAdd C:\Users\Telus-FGH-01\AppData\Roaming\npm-cache\loader\1.0.0\package\package.json not in flight; writing
17 verbose afterAdd C:\Users\Telus-FGH-01\AppData\Roaming\npm-cache\loader\1.0.0\package\package.json written
18 silly publish { name: 'loader',
18 silly publish   version: '1.0.0',
18 silly publish   description: 'A background loader and preloader rolled into one',
18 silly publish   main: 'src/loader.js',
18 silly publish   repository:
18 silly publish    { type: 'git',
18 silly publish      url: 'git+https://github.com/ltbittner/Loader.git' },
18 silly publish   keywords: [ 'Loader', 'Preload', 'Background', 'Load' ],
18 silly publish   author: { name: 'Logan Bittner' },
18 silly publish   license: 'MIT',
18 silly publish   bugs: { url: 'https://github.com/ltbittner/Loader/issues' },
18 silly publish   homepage: 'https://github.com/ltbittner/Loader#readme',
18 silly publish   readme: '# Loader\r\nA preloader and background loader rolled into one.\r\n\r\n# Usage\r\n\r\nRequire or include the library\r\n```javascript\r\nimport Loader from \'path/to/loader\'\r\n```\r\n\r\nCreate an instance of the loader\r\n```javascript\r\nlet loader = new Loader({options});\r\n```\r\n\r\nOptions is an object with the following parameters:\r\n\r\n**preload**: an array of strings with the path to the assets you wish to preload  \r\n**background load**: same as above, but path to assets you want loaded in the background after preload       \r\n**preloadProgressCallback**: function to call after each asset is preloaded       \r\n**preloadCompletedCallback**: function to call when all assets are preloaded              \r\n**backgroundProgressCallback**: function to call after each asset is background loaded       \r\n**backgroundCompletedCallback**: function to call when background loading is complete      \r\n**autoStartBackgroundLoad**: true or false | start background load as soon as preload is done? Default false\r\n\r\nStart the load\r\n```javascript\r\nloader.startLoad();\r\n```\r\n\r\n## functions      \r\nstartLoad() : start the loading process    \r\nstartBackgroundLoad() : start background load process - automatic if autoStartBackgroundLoad is set to true    \r\nresetAllCallbacks() : resets all of the callbacks\r\n\r\n# Example\r\n\r\n```javascript\r\nimport Loader from \'path/to/loader\';\r\n\r\nlet loader = new Loader({\r\n    preload: [\'assets/image1.jpg\', \'assets/image2.jpg\', \'assets/video1.mp4\'],\r\n    backgroundLoad: [\'assets,image3.jpg\', \'assets/video2.webm\'],\r\n    preloadProgressCallback: preloadProgress,\r\n    preloadCompletedCallback: preloadDone,\r\n    backgroundProgressCallback: backgroundProgress,\r\n    backgroundCompletedCallback backgroundDone,\r\n    autoStartBackgroundLoad: true\r\n});\r\n\r\nloader.startLoad();\r\n\r\nfunction preloadProgress(e) {\r\n    //e contains three properties: completed, total, and percentage\r\n    console.log("Done " + e.percentage + "% of preload");\r\n}\r\n\r\nfunction preloadDone() {\r\n    console.log("Preload done");\r\n}\r\n\r\nfunction backgroundProgress(e) {\r\n    console.log("Done " + e.percentage + "% of background load");\r\n}\r\n\r\nfunction backgroundDone() {\r\n    console.log("Background load done");\r\n}\r\n```\r\n\r\n\r\n',
18 silly publish   readmeFilename: 'README.md',
18 silly publish   gitHead: '09738fdc6d14432831c1b6d913511f25d64e6383',
18 silly publish   _id: 'loader@1.0.0',
18 silly publish   scripts: {},
18 silly publish   _shasum: '531d3b3fee6508f832126dafcc2b3e84fd43b57e',
18 silly publish   _from: '.' }
19 verbose getPublishConfig undefined
20 silly mapToRegistry name loader
21 silly mapToRegistry using default registry
22 silly mapToRegistry registry https://registry.npmjs.org/
23 silly mapToRegistry uri https://registry.npmjs.org/loader
24 verbose publish registryBase https://registry.npmjs.org/
25 silly publish uploading C:\Users\Telus-FGH-01\AppData\Roaming\npm-cache\loader\1.0.0\package.tgz
26 verbose request uri https://registry.npmjs.org/loader
27 verbose request sending authorization for write operation
28 info attempt registry request try #1 at 2:26:12 PM
29 verbose request using bearer token for auth
30 verbose request id 2ff8a244417e4c07
31 http request PUT https://registry.npmjs.org/loader
32 http 403 https://registry.npmjs.org/loader
33 verbose headers { 'content-type': 'application/json',
33 verbose headers   'cache-control': 'max-age=300',
33 verbose headers   'content-length': '98',
33 verbose headers   'accept-ranges': 'bytes',
33 verbose headers   date: 'Mon, 01 Feb 2016 22:25:50 GMT',
33 verbose headers   via: '1.1 varnish',
33 verbose headers   connection: 'keep-alive',
33 verbose headers   'x-served-by': 'cache-lax1431-LAX',
33 verbose headers   'x-cache': 'MISS',
33 verbose headers   'x-cache-hits': '0',
33 verbose headers   'x-timer': 'S1454365550.474243,VS0,VE159' }
34 verbose request invalidating C:\Users\Telus-FGH-01\AppData\Roaming\npm-cache\registry.npmjs.org\loader on PUT
35 error publish Failed PUT 403
36 verbose stack Error: You do not have permission to publish 'loader'. Are you logged in as the correct user? : loader
36 verbose stack     at makeError (C:\Program Files\nodejs\node_modules\npm\node_modules\npm-registry-client\lib\request.js:264:12)
36 verbose stack     at CachingRegistryClient.<anonymous> (C:\Program Files\nodejs\node_modules\npm\node_modules\npm-registry-client\lib\request.js:252:14)
36 verbose stack     at Request._callback (C:\Program Files\nodejs\node_modules\npm\node_modules\npm-registry-client\lib\request.js:172:14)
36 verbose stack     at Request.self.callback (C:\Program Files\nodejs\node_modules\npm\node_modules\request\request.js:198:22)
36 verbose stack     at emitTwo (events.js:87:13)
36 verbose stack     at Request.emit (events.js:172:7)
36 verbose stack     at Request.<anonymous> (C:\Program Files\nodejs\node_modules\npm\node_modules\request\request.js:1082:10)
36 verbose stack     at emitOne (events.js:82:20)
36 verbose stack     at Request.emit (events.js:169:7)
36 verbose stack     at IncomingMessage.<anonymous> (C:\Program Files\nodejs\node_modules\npm\node_modules\request\request.js:1009:12)
37 verbose statusCode 403
38 verbose pkgid loader
39 verbose cwd D:\Projects\Loader\Loader
40 error Windows_NT 6.3.9600
41 error argv "C:\\Program Files\\nodejs\\node.exe" "C:\\Program Files\\nodejs\\node_modules\\npm\\bin\\npm-cli.js" "publish"
42 error node v5.1.1
43 error npm  v3.3.12
44 error code E403
45 error You do not have permission to publish 'loader'. Are you logged in as the correct user? : loader
46 error If you need help, you may report this error at:
46 error     <https://github.com/npm/npm/issues>
47 verbose exit [ 1, true ]
